<?xml version="1.0" encoding="UTF-8"?>
<!-- Generated by org.testng.reporters.JUnitReportReporter -->
<testsuite hostname="Saurabh-Lap" failures="0" tests="1" name="com.crm.qa.testcases.LoginTest" time="4.542" errors="0" timestamp="2022-05-10T16:47:26 IST" skipped="0">
  <testcase classname="com.crm.qa.testcases.LoginTest" name="clickonMyAccountTest" time="4.542"/>
  <system-out/>
</testsuite> <!-- com.crm.qa.testcases.LoginTest -->
