<?xml version="1.0" encoding="UTF-8"?>
<!-- Generated by org.testng.reporters.JUnitReportReporter -->
<testsuite hostname="Saurabh-Lap" failures="0" tests="1" name="com.crm.qa.testcases.WomenLinkTest" time="23.173" errors="0" timestamp="2022-05-12T22:21:43 IST" skipped="0">
  <testcase classname="com.crm.qa.testcases.WomenLinkTest" name="verifyWomentextTest" time="23.173"/>
  <system-out/>
</testsuite> <!-- com.crm.qa.testcases.WomenLinkTest -->
