<?xml version="1.0" encoding="UTF-8"?>
<!-- Generated by org.testng.reporters.JUnitReportReporter -->
<testsuite hostname="Saurabh-Lap" failures="0" tests="2" name="com.crm.qa.testcases.LoginPageTest" time="35.062" errors="0" timestamp="2022-05-12T22:21:43 IST" skipped="0">
  <testcase classname="com.crm.qa.testcases.LoginPageTest" name="LogoImageTest" time="13.531"/>
  <system-out/>
  <testcase classname="com.crm.qa.testcases.LoginPageTest" name="loginTest" time="21.531"/>
  <system-out/>
</testsuite> <!-- com.crm.qa.testcases.LoginPageTest -->
