<?xml version="1.0" encoding="UTF-8"?>
<!-- Generated by org.testng.reporters.JUnitReportReporter -->
<testsuite hostname="Saurabh-Lap" failures="0" tests="2" name="com.crm.qa.testcases.HomePageTest" time="42.111" errors="0" timestamp="2022-05-12T22:21:43 IST" skipped="0">
  <testcase classname="com.crm.qa.testcases.HomePageTest" name="LogoImageTest" time="17.155"/>
  <system-out/>
  <testcase classname="com.crm.qa.testcases.HomePageTest" name="clickOnWomenLinkTest" time="24.956"/>
  <system-out/>
</testsuite> <!-- com.crm.qa.testcases.HomePageTest -->
