<?xml version="1.0" encoding="UTF-8"?>
<!-- Generated by org.testng.reporters.JUnitReportReporter -->
<testsuite skipped="0" hostname="Saurabh-Lap" name="com.crm.qa.testcases.LoginTest" tests="1" failures="0" timestamp="09 May 2022 13:08:41 GMT" time="25.443" errors="0">
  <testcase name="loginTest" time="25.443" classname="com.crm.qa.testcases.LoginTest"/>
</testsuite> <!-- com.crm.qa.testcases.LoginTest -->
